2016-09-08 09:34:36 exception 'PDOException' with message 'SQLSTATE[42000]: Syntax error or access violation: 1064 You have an error in your SQL syntax; check the manual that corresponds to your MySQL server version for the right syntax to use near '' at line 1' in D:\WWW\snake\vendor\Workerman\GatewayWorker\Lib\DbConnection.php:1720
Stack trace:
#0 D:\WWW\snake\vendor\Workerman\GatewayWorker\Lib\DbConnection.php(1720): PDO->prepare('UPDATE `snake_c...')
#1 D:\WWW\snake\vendor\Workerman\GatewayWorker\Lib\DbConnection.php(1808): GatewayWorker\Lib\DbConnection->execute('UPDATE `snake_c...', Array)
#2 D:\WWW\snake\vendor\Workerman\Applications\Events.php(247): GatewayWorker\Lib\DbConnection->query()
#3 [internal function]: Events::onClose('7f00000108fc000...')
#4 D:\WWW\snake\vendor\Workerman\GatewayWorker\BusinessWorker.php(365): call_user_func('Events::onClose', '7f00000108fc000...')
#5 [internal function]: GatewayWorker\BusinessWorker->onGatewayMessage(Object(Workerman\Connection\AsyncTcpConnection), Array)
#6 D:\WWW\snake\vendor\Workerman\Workerman\Connection\TcpConnection.php(430): call_user_func(Array, Object(Workerman\Connection\AsyncTcpConnection), Array)
#7 [internal function]: Workerman\Connection\TcpConnection->baseRead(Resource id #25)
#8 D:\WWW\snake\vendor\Workerman\Workerman\Events\Select.php(257): call_user_func_array(Array, Array)
#9 D:\WWW\snake\vendor\Workerman\Workerman\Worker.php(745): Workerman\Events\Select->loop()
#10 D:\WWW\snake\vendor\Workerman\GatewayWorker\BusinessWorker.php(174): Workerman\Worker->run()
#11 D:\WWW\snake\vendor\Workerman\Workerman\Worker.php(433): GatewayWorker\BusinessWorker->run()
#12 D:\WWW\snake\vendor\Workerman\Workerman\Worker.php(346): Workerman\Worker::runAllWorkers()
#13 D:\WWW\snake\vendor\Workerman\Applications\start_businessworker.php(34): Workerman\Worker::runAll()
#14 {main}
2016-09-08 09:34:39 exception 'PDOException' with message 'SQLSTATE[42000]: Syntax error or access violation: 1064 You have an error in your SQL syntax; check the manual that corresponds to your MySQL server version for the right syntax to use near '' at line 1' in D:\WWW\snake\vendor\Workerman\GatewayWorker\Lib\DbConnection.php:1720
Stack trace:
#0 D:\WWW\snake\vendor\Workerman\GatewayWorker\Lib\DbConnection.php(1720): PDO->prepare('UPDATE `snake_c...')
#1 D:\WWW\snake\vendor\Workerman\GatewayWorker\Lib\DbConnection.php(1808): GatewayWorker\Lib\DbConnection->execute('UPDATE `snake_c...', Array)
#2 D:\WWW\snake\vendor\Workerman\Applications\Events.php(247): GatewayWorker\Lib\DbConnection->query()
#3 [internal function]: Events::onClose('7f00000108fc000...')
#4 D:\WWW\snake\vendor\Workerman\GatewayWorker\BusinessWorker.php(365): call_user_func('Events::onClose', '7f00000108fc000...')
#5 [internal function]: GatewayWorker\BusinessWorker->onGatewayMessage(Object(Workerman\Connection\AsyncTcpConnection), Array)
#6 D:\WWW\snake\vendor\Workerman\Workerman\Connection\TcpConnection.php(430): call_user_func(Array, Object(Workerman\Connection\AsyncTcpConnection), Array)
#7 [internal function]: Workerman\Connection\TcpConnection->baseRead(Resource id #25)
#8 D:\WWW\snake\vendor\Workerman\Workerman\Events\Select.php(257): call_user_func_array(Array, Array)
#9 D:\WWW\snake\vendor\Workerman\Workerman\Worker.php(745): Workerman\Events\Select->loop()
#10 D:\WWW\snake\vendor\Workerman\GatewayWorker\BusinessWorker.php(174): Workerman\Worker->run()
#11 D:\WWW\snake\vendor\Workerman\Workerman\Worker.php(433): GatewayWorker\BusinessWorker->run()
#12 D:\WWW\snake\vendor\Workerman\Workerman\Worker.php(346): Workerman\Worker::runAllWorkers()
#13 D:\WWW\snake\vendor\Workerman\Applications\start_businessworker.php(34): Workerman\Worker::runAll()
#14 {main}
2016-09-08 09:37:25 exception 'PDOException' with message 'SQLSTATE[42000]: Syntax error or access violation: 1064 You have an error in your SQL syntax; check the manual that corresponds to your MySQL server version for the right syntax to use near '' at line 1' in D:\WWW\snake\vendor\Workerman\GatewayWorker\Lib\DbConnection.php:1720
Stack trace:
#0 D:\WWW\snake\vendor\Workerman\GatewayWorker\Lib\DbConnection.php(1720): PDO->prepare('UPDATE `snake_c...')
#1 D:\WWW\snake\vendor\Workerman\GatewayWorker\Lib\DbConnection.php(1808): GatewayWorker\Lib\DbConnection->execute('UPDATE `snake_c...', Array)
#2 D:\WWW\snake\vendor\Workerman\Applications\Events.php(247): GatewayWorker\Lib\DbConnection->query()
#3 [internal function]: Events::onClose('7f00000108fc000...')
#4 D:\WWW\snake\vendor\Workerman\GatewayWorker\BusinessWorker.php(365): call_user_func('Events::onClose', '7f00000108fc000...')
#5 [internal function]: GatewayWorker\BusinessWorker->onGatewayMessage(Object(Workerman\Connection\AsyncTcpConnection), Array)
#6 D:\WWW\snake\vendor\Workerman\Workerman\Connection\TcpConnection.php(430): call_user_func(Array, Object(Workerman\Connection\AsyncTcpConnection), Array)
#7 [internal function]: Workerman\Connection\TcpConnection->baseRead(Resource id #25)
#8 D:\WWW\snake\vendor\Workerman\Workerman\Events\Select.php(257): call_user_func_array(Array, Array)
#9 D:\WWW\snake\vendor\Workerman\Workerman\Worker.php(745): Workerman\Events\Select->loop()
#10 D:\WWW\snake\vendor\Workerman\GatewayWorker\BusinessWorker.php(174): Workerman\Worker->run()
#11 D:\WWW\snake\vendor\Workerman\Workerman\Worker.php(433): GatewayWorker\BusinessWorker->run()
#12 D:\WWW\snake\vendor\Workerman\Workerman\Worker.php(346): Workerman\Worker::runAllWorkers()
#13 D:\WWW\snake\vendor\Workerman\Applications\start_businessworker.php(34): Workerman\Worker::runAll()
#14 {main}
2016-09-08 09:46:05 exception 'PDOException' with message 'SQLSTATE[42000]: Syntax error or access violation: 1064 You have an error in your SQL syntax; check the manual that corresponds to your MySQL server version for the right syntax to use near '' at line 1' in D:\WWW\snake\vendor\Workerman\GatewayWorker\Lib\DbConnection.php:1720
Stack trace:
#0 D:\WWW\snake\vendor\Workerman\GatewayWorker\Lib\DbConnection.php(1720): PDO->prepare('UPDATE `snake_c...')
#1 D:\WWW\snake\vendor\Workerman\GatewayWorker\Lib\DbConnection.php(1808): GatewayWorker\Lib\DbConnection->execute('UPDATE `snake_c...', Array)
#2 D:\WWW\snake\vendor\Workerman\Applications\Events.php(244): GatewayWorker\Lib\DbConnection->query()
#3 [internal function]: Events::onClose('7f00000108fc000...')
#4 D:\WWW\snake\vendor\Workerman\GatewayWorker\BusinessWorker.php(365): call_user_func('Events::onClose', '7f00000108fc000...')
#5 [internal function]: GatewayWorker\BusinessWorker->onGatewayMessage(Object(Workerman\Connection\AsyncTcpConnection), Array)
#6 D:\WWW\snake\vendor\Workerman\Workerman\Connection\TcpConnection.php(430): call_user_func(Array, Object(Workerman\Connection\AsyncTcpConnection), Array)
#7 [internal function]: Workerman\Connection\TcpConnection->baseRead(Resource id #25)
#8 D:\WWW\snake\vendor\Workerman\Workerman\Events\Select.php(257): call_user_func_array(Array, Array)
#9 D:\WWW\snake\vendor\Workerman\Workerman\Worker.php(745): Workerman\Events\Select->loop()
#10 D:\WWW\snake\vendor\Workerman\GatewayWorker\BusinessWorker.php(174): Workerman\Worker->run()
#11 D:\WWW\snake\vendor\Workerman\Workerman\Worker.php(433): GatewayWorker\BusinessWorker->run()
#12 D:\WWW\snake\vendor\Workerman\Workerman\Worker.php(346): Workerman\Worker::runAllWorkers()
#13 D:\WWW\snake\vendor\Workerman\Applications\start_businessworker.php(34): Workerman\Worker::runAll()
#14 {main}
2016-09-08 09:49:25 exception 'PDOException' with message 'SQLSTATE[42000]: Syntax error or access violation: 1064 You have an error in your SQL syntax; check the manual that corresponds to your MySQL server version for the right syntax to use near '' at line 1' in D:\WWW\snake\vendor\Workerman\GatewayWorker\Lib\DbConnection.php:1721
Stack trace:
#0 D:\WWW\snake\vendor\Workerman\GatewayWorker\Lib\DbConnection.php(1721): PDO->prepare('UPDATE `snake_c...')
#1 D:\WWW\snake\vendor\Workerman\GatewayWorker\Lib\DbConnection.php(1809): GatewayWorker\Lib\DbConnection->execute('UPDATE `snake_c...', Array)
#2 D:\WWW\snake\vendor\Workerman\Applications\Events.php(244): GatewayWorker\Lib\DbConnection->query()
#3 [internal function]: Events::onClose('7f00000108fc000...')
#4 D:\WWW\snake\vendor\Workerman\GatewayWorker\BusinessWorker.php(365): call_user_func('Events::onClose', '7f00000108fc000...')
#5 [internal function]: GatewayWorker\BusinessWorker->onGatewayMessage(Object(Workerman\Connection\AsyncTcpConnection), Array)
#6 D:\WWW\snake\vendor\Workerman\Workerman\Connection\TcpConnection.php(430): call_user_func(Array, Object(Workerman\Connection\AsyncTcpConnection), Array)
#7 [internal function]: Workerman\Connection\TcpConnection->baseRead(Resource id #25)
#8 D:\WWW\snake\vendor\Workerman\Workerman\Events\Select.php(257): call_user_func_array(Array, Array)
#9 D:\WWW\snake\vendor\Workerman\Workerman\Worker.php(745): Workerman\Events\Select->loop()
#10 D:\WWW\snake\vendor\Workerman\GatewayWorker\BusinessWorker.php(174): Workerman\Worker->run()
#11 D:\WWW\snake\vendor\Workerman\Workerman\Worker.php(433): GatewayWorker\BusinessWorker->run()
#12 D:\WWW\snake\vendor\Workerman\Workerman\Worker.php(346): Workerman\Worker::runAllWorkers()
#13 D:\WWW\snake\vendor\Workerman\Applications\start_businessworker.php(34): Workerman\Worker::runAll()
#14 {main}
2020-11-06 00:08:34 PDOException: SQLSTATE[HY000] [1049] Unknown database 'snake' in D:\Desktop\laychat\vendor\Workerman\GatewayWorker\Lib\DbConnection.php:1696
Stack trace:
#0 D:\Desktop\laychat\vendor\Workerman\GatewayWorker\Lib\DbConnection.php(1696): PDO->__construct('mysql:dbname=sn...', 'root', 'root', Array)
#1 D:\Desktop\laychat\vendor\Workerman\GatewayWorker\Lib\DbConnection.php(1683): GatewayWorker\Lib\DbConnection->connect()
#2 D:\Desktop\laychat\vendor\Workerman\GatewayWorker\Lib\Db.php(48): GatewayWorker\Lib\DbConnection->__construct('127.0.0.1', 3306, 'root', 'root', 'snake')
#3 D:\Desktop\laychat\vendor\Workerman\Applications\Events.php(41): GatewayWorker\Lib\Db::instance('db1')
#4 [internal function]: Events::onMessage('7f00000108fc000...', '{"type":"init",...')
#5 D:\Desktop\laychat\vendor\Workerman\GatewayWorker\BusinessWorker.php(360): call_user_func('Events::onMessa...', '7f00000108fc000...', '{"type":"init",...')
#6 [internal function]: GatewayWorker\BusinessWorker->onGatewayMessage(Object(Workerman\Connection\AsyncTcpConnection), Array)
#7 D:\Desktop\laychat\vendor\Workerman\Workerman\Connection\TcpConnection.php(430): call_user_func(Array, Object(Workerman\Connection\AsyncTcpConnection), Array)
#8 [internal function]: Workerman\Connection\TcpConnection->baseRead(Resource id #24)
#9 D:\Desktop\laychat\vendor\Workerman\Workerman\Events\Select.php(257): call_user_func_array(Array, Array)
#10 D:\Desktop\laychat\vendor\Workerman\Workerman\Worker.php(745): Workerman\Events\Select->loop()
#11 D:\Desktop\laychat\vendor\Workerman\GatewayWorker\BusinessWorker.php(174): Workerman\Worker->run()
#12 D:\Desktop\laychat\vendor\Workerman\Workerman\Worker.php(433): GatewayWorker\BusinessWorker->run()
#13 D:\Desktop\laychat\vendor\Workerman\Workerman\Worker.php(346): Workerman\Worker::runAllWorkers()
#14 D:\Desktop\laychat\vendor\Workerman\Applications\start_businessworker.php(34): Workerman\Worker::runAll()
#15 {main}
2020-11-11 20:53:34 PDOException: SQLSTATE[42S02]: Base table or view not found: 1146 Table 'sanke.snake_groupdetail' doesn't exist in D:\Desktop\laychat\vendor\Workerman\GatewayWorker\Lib\DbConnection.php:1720
Stack trace:
#0 D:\Desktop\laychat\vendor\Workerman\GatewayWorker\Lib\DbConnection.php(1720): PDO->prepare('select `groupid...')
#1 D:\Desktop\laychat\vendor\Workerman\GatewayWorker\Lib\DbConnection.php(1808): GatewayWorker\Lib\DbConnection->execute('select `groupid...', NULL)
#2 D:\Desktop\laychat\vendor\Workerman\Applications\Events.php(72): GatewayWorker\Lib\DbConnection->query('select `groupid...')
#3 [internal function]: Events::onMessage('7f00000108fc000...', '{"type":"init",...')
#4 D:\Desktop\laychat\vendor\Workerman\GatewayWorker\BusinessWorker.php(360): call_user_func('Events::onMessa...', '7f00000108fc000...', '{"type":"init",...')
#5 [internal function]: GatewayWorker\BusinessWorker->onGatewayMessage(Object(Workerman\Connection\AsyncTcpConnection), Array)
#6 D:\Desktop\laychat\vendor\Workerman\Workerman\Connection\TcpConnection.php(430): call_user_func(Array, Object(Workerman\Connection\AsyncTcpConnection), Array)
#7 [internal function]: Workerman\Connection\TcpConnection->baseRead(Resource id #25)
#8 D:\Desktop\laychat\vendor\Workerman\Workerman\Events\Select.php(257): call_user_func_array(Array, Array)
#9 D:\Desktop\laychat\vendor\Workerman\Workerman\Worker.php(745): Workerman\Events\Select->loop()
#10 D:\Desktop\laychat\vendor\Workerman\GatewayWorker\BusinessWorker.php(174): Workerman\Worker->run()
#11 D:\Desktop\laychat\vendor\Workerman\Workerman\Worker.php(433): GatewayWorker\BusinessWorker->run()
#12 D:\Desktop\laychat\vendor\Workerman\Workerman\Worker.php(346): Workerman\Worker::runAllWorkers()
#13 D:\Desktop\laychat\vendor\Workerman\Applications\start_businessworker.php(34): Workerman\Worker::runAll()
#14 {main}
2020-11-11 20:53:42 PDOException: SQLSTATE[42S02]: Base table or view not found: 1146 Table 'sanke.snake_groupdetail' doesn't exist in D:\Desktop\laychat\vendor\Workerman\GatewayWorker\Lib\DbConnection.php:1720
Stack trace:
#0 D:\Desktop\laychat\vendor\Workerman\GatewayWorker\Lib\DbConnection.php(1720): PDO->prepare('select `groupid...')
#1 D:\Desktop\laychat\vendor\Workerman\GatewayWorker\Lib\DbConnection.php(1808): GatewayWorker\Lib\DbConnection->execute('select `groupid...', NULL)
#2 D:\Desktop\laychat\vendor\Workerman\Applications\Events.php(72): GatewayWorker\Lib\DbConnection->query('select `groupid...')
#3 [internal function]: Events::onMessage('7f00000108fc000...', '{"type":"init",...')
#4 D:\Desktop\laychat\vendor\Workerman\GatewayWorker\BusinessWorker.php(360): call_user_func('Events::onMessa...', '7f00000108fc000...', '{"type":"init",...')
#5 [internal function]: GatewayWorker\BusinessWorker->onGatewayMessage(Object(Workerman\Connection\AsyncTcpConnection), Array)
#6 D:\Desktop\laychat\vendor\Workerman\Workerman\Connection\TcpConnection.php(430): call_user_func(Array, Object(Workerman\Connection\AsyncTcpConnection), Array)
#7 [internal function]: Workerman\Connection\TcpConnection->baseRead(Resource id #25)
#8 D:\Desktop\laychat\vendor\Workerman\Workerman\Events\Select.php(257): call_user_func_array(Array, Array)
#9 D:\Desktop\laychat\vendor\Workerman\Workerman\Worker.php(745): Workerman\Events\Select->loop()
#10 D:\Desktop\laychat\vendor\Workerman\GatewayWorker\BusinessWorker.php(174): Workerman\Worker->run()
#11 D:\Desktop\laychat\vendor\Workerman\Workerman\Worker.php(433): GatewayWorker\BusinessWorker->run()
#12 D:\Desktop\laychat\vendor\Workerman\Workerman\Worker.php(346): Workerman\Worker::runAllWorkers()
#13 D:\Desktop\laychat\vendor\Workerman\Applications\start_businessworker.php(34): Workerman\Worker::runAll()
#14 {main}
2020-11-11 21:15:56 PDOException: SQLSTATE[HY000] [1049] Unknown database 'layim' in D:\Desktop\laychat\vendor\Workerman\GatewayWorker\Lib\DbConnection.php:1696
Stack trace:
#0 D:\Desktop\laychat\vendor\Workerman\GatewayWorker\Lib\DbConnection.php(1696): PDO->__construct('mysql:dbname=la...', 'root', 'root', Array)
#1 D:\Desktop\laychat\vendor\Workerman\GatewayWorker\Lib\DbConnection.php(1683): GatewayWorker\Lib\DbConnection->connect()
#2 D:\Desktop\laychat\vendor\Workerman\GatewayWorker\Lib\Db.php(48): GatewayWorker\Lib\DbConnection->__construct('127.0.0.1', 3306, 'root', 'root', 'layim')
#3 D:\Desktop\laychat\vendor\Workerman\Applications\Events.php(41): GatewayWorker\Lib\Db::instance('db1')
#4 [internal function]: Events::onMessage('7f00000108fc000...', '{"type":"init",...')
#5 D:\Desktop\laychat\vendor\Workerman\GatewayWorker\BusinessWorker.php(360): call_user_func('Events::onMessa...', '7f00000108fc000...', '{"type":"init",...')
#6 [internal function]: GatewayWorker\BusinessWorker->onGatewayMessage(Object(Workerman\Connection\AsyncTcpConnection), Array)
#7 D:\Desktop\laychat\vendor\Workerman\Workerman\Connection\TcpConnection.php(430): call_user_func(Array, Object(Workerman\Connection\AsyncTcpConnection), Array)
#8 [internal function]: Workerman\Connection\TcpConnection->baseRead(Resource id #25)
#9 D:\Desktop\laychat\vendor\Workerman\Workerman\Events\Select.php(257): call_user_func_array(Array, Array)
#10 D:\Desktop\laychat\vendor\Workerman\Workerman\Worker.php(745): Workerman\Events\Select->loop()
#11 D:\Desktop\laychat\vendor\Workerman\GatewayWorker\BusinessWorker.php(174): Workerman\Worker->run()
#12 D:\Desktop\laychat\vendor\Workerman\Workerman\Worker.php(433): GatewayWorker\BusinessWorker->run()
#13 D:\Desktop\laychat\vendor\Workerman\Workerman\Worker.php(346): Workerman\Worker::runAllWorkers()
#14 D:\Desktop\laychat\vendor\Workerman\Applications\start_businessworker.php(34): Workerman\Worker::runAll()
#15 {main}
2020-11-11 21:16:28 PDOException: SQLSTATE[HY000] [1049] Unknown database 'layim' in D:\Desktop\laychat\vendor\Workerman\GatewayWorker\Lib\DbConnection.php:1696
Stack trace:
#0 D:\Desktop\laychat\vendor\Workerman\GatewayWorker\Lib\DbConnection.php(1696): PDO->__construct('mysql:dbname=la...', 'root', 'root', Array)
#1 D:\Desktop\laychat\vendor\Workerman\GatewayWorker\Lib\DbConnection.php(1683): GatewayWorker\Lib\DbConnection->connect()
#2 D:\Desktop\laychat\vendor\Workerman\GatewayWorker\Lib\Db.php(48): GatewayWorker\Lib\DbConnection->__construct('127.0.0.1', 3306, 'root', 'root', 'layim')
#3 D:\Desktop\laychat\vendor\Workerman\Applications\Events.php(41): GatewayWorker\Lib\Db::instance('db1')
#4 [internal function]: Events::onMessage('7f00000108fc000...', '{"type":"init",...')
#5 D:\Desktop\laychat\vendor\Workerman\GatewayWorker\BusinessWorker.php(360): call_user_func('Events::onMessa...', '7f00000108fc000...', '{"type":"init",...')
#6 [internal function]: GatewayWorker\BusinessWorker->onGatewayMessage(Object(Workerman\Connection\AsyncTcpConnection), Array)
#7 D:\Desktop\laychat\vendor\Workerman\Workerman\Connection\TcpConnection.php(430): call_user_func(Array, Object(Workerman\Connection\AsyncTcpConnection), Array)
#8 [internal function]: Workerman\Connection\TcpConnection->baseRead(Resource id #25)
#9 D:\Desktop\laychat\vendor\Workerman\Workerman\Events\Select.php(257): call_user_func_array(Array, Array)
#10 D:\Desktop\laychat\vendor\Workerman\Workerman\Worker.php(745): Workerman\Events\Select->loop()
#11 D:\Desktop\laychat\vendor\Workerman\GatewayWorker\BusinessWorker.php(174): Workerman\Worker->run()
#12 D:\Desktop\laychat\vendor\Workerman\Workerman\Worker.php(433): GatewayWorker\BusinessWorker->run()
#13 D:\Desktop\laychat\vendor\Workerman\Workerman\Worker.php(346): Workerman\Worker::runAllWorkers()
#14 D:\Desktop\laychat\vendor\Workerman\Applications\start_businessworker.php(34): Workerman\Worker::runAll()
#15 {main}
2020-11-11 21:16:35 PDOException: SQLSTATE[HY000] [1049] Unknown database 'layim' in D:\Desktop\laychat\vendor\Workerman\GatewayWorker\Lib\DbConnection.php:1696
Stack trace:
#0 D:\Desktop\laychat\vendor\Workerman\GatewayWorker\Lib\DbConnection.php(1696): PDO->__construct('mysql:dbname=la...', 'root', 'root', Array)
#1 D:\Desktop\laychat\vendor\Workerman\GatewayWorker\Lib\DbConnection.php(1683): GatewayWorker\Lib\DbConnection->connect()
#2 D:\Desktop\laychat\vendor\Workerman\GatewayWorker\Lib\Db.php(48): GatewayWorker\Lib\DbConnection->__construct('127.0.0.1', 3306, 'root', 'root', 'layim')
#3 D:\Desktop\laychat\vendor\Workerman\Applications\Events.php(41): GatewayWorker\Lib\Db::instance('db1')
#4 [internal function]: Events::onMessage('7f00000108fc000...', '{"type":"init",...')
#5 D:\Desktop\laychat\vendor\Workerman\GatewayWorker\BusinessWorker.php(360): call_user_func('Events::onMessa...', '7f00000108fc000...', '{"type":"init",...')
#6 [internal function]: GatewayWorker\BusinessWorker->onGatewayMessage(Object(Workerman\Connection\AsyncTcpConnection), Array)
#7 D:\Desktop\laychat\vendor\Workerman\Workerman\Connection\TcpConnection.php(430): call_user_func(Array, Object(Workerman\Connection\AsyncTcpConnection), Array)
#8 [internal function]: Workerman\Connection\TcpConnection->baseRead(Resource id #25)
#9 D:\Desktop\laychat\vendor\Workerman\Workerman\Events\Select.php(257): call_user_func_array(Array, Array)
#10 D:\Desktop\laychat\vendor\Workerman\Workerman\Worker.php(745): Workerman\Events\Select->loop()
#11 D:\Desktop\laychat\vendor\Workerman\GatewayWorker\BusinessWorker.php(174): Workerman\Worker->run()
#12 D:\Desktop\laychat\vendor\Workerman\Workerman\Worker.php(433): GatewayWorker\BusinessWorker->run()
#13 D:\Desktop\laychat\vendor\Workerman\Workerman\Worker.php(346): Workerman\Worker::runAllWorkers()
#14 D:\Desktop\laychat\vendor\Workerman\Applications\start_businessworker.php(34): Workerman\Worker::runAll()
#15 {main}
